<?xml version="1.0" encoding="UTF-8"?>
<!-- Generated by org.testng.reporters.JUnitReportReporter -->
<testsuite hostname="vmwx64apxqa11" name="com.mycompany.myproject.sample.selion.UIFlowUsingSeLionPageObjectsTest" tests="1" failures="0" timestamp="28 Nov 2019 01:46:27 GMT" time="8.811" errors="1">
  <testcase name="myTest" time="8.811" classname="com.mycompany.myproject.sample.selion.UIFlowUsingSeLionPageObjectsTest">
    <error type="java.lang.IllegalStateException" message="You must have a Selenium host configured when running remotely. You may provide it either via the JVM argument -DSELION_SELENIUM_HOST (or) via the TestNG suite file parameter : &lt;parameter name=&quot;seleniumhost&quot; value=&quot;&quot; /&gt;">
      <![CDATA[java.lang.IllegalStateException: You must have a Selenium host configured when running remotely. You may provide it either via the JVM argument -DSELION_SELENIUM_HOST (or) via the TestNG suite file parameter : <parameter name="seleniumhost" value="" />
	at com.paypal.selion.internal.platform.grid.browsercapabilities.DriverFactoryHelper.getURL(DriverFactoryHelper.java:166)
	at com.paypal.selion.internal.platform.grid.browsercapabilities.WebDriverFactory.createInstance(WebDriverFactory.java:93)
	at com.paypal.selion.internal.platform.grid.WebTestSession.createSession(WebTestSession.java:147)
	at com.paypal.selion.internal.platform.grid.WebTestSession.startSession(WebTestSession.java:163)
	at com.paypal.selion.platform.grid.Grid.driver(Grid.java:107)
	at com.paypal.selion.platform.html.support.HtmlElementUtils.locateElement(HtmlElementUtils.java:63)
	at com.paypal.selion.testcomponents.BasicPageImpl.locateChildElement(BasicPageImpl.java:93)
	at com.paypal.selion.platform.html.AbstractElement.getElement(AbstractElement.java:107)
	at com.paypal.selion.platform.html.AbstractElement.click(AbstractElement.java:478)
	at com.paypal.selion.platform.html.AbstractElement.clickonly(AbstractElement.java:464)
	at com.paypal.selion.platform.html.AbstractElement.click(AbstractElement.java:456)
	at com.mycompany.myproject.sample.selion.UIFlowUsingSeLionPageObjectsTest.myTest(UIFlowUsingSeLionPageObjectsTest.java:46)
	at sun.reflect.NativeMethodAccessorImpl.invoke0(Native Method)
	at sun.reflect.NativeMethodAccessorImpl.invoke(NativeMethodAccessorImpl.java:62)
	at sun.reflect.DelegatingMethodAccessorImpl.invoke(DelegatingMethodAccessorImpl.java:43)
	at java.lang.reflect.Method.invoke(Method.java:498)
	at org.testng.internal.MethodInvocationHelper.invokeMethod(MethodInvocationHelper.java:86)
	at org.testng.internal.Invoker.invokeMethod(Invoker.java:643)
	at org.testng.internal.Invoker.invokeTestMethod(Invoker.java:820)
	at org.testng.internal.Invoker.invokeTestMethods(Invoker.java:1128)
	at org.testng.internal.TestMethodWorker.invokeTestMethods(TestMethodWorker.java:129)
	at org.testng.internal.TestMethodWorker.run(TestMethodWorker.java:112)
	at org.testng.TestRunner.privateRun(TestRunner.java:782)
	at org.testng.TestRunner.run(TestRunner.java:632)
	at org.testng.SuiteRunner.runTest(SuiteRunner.java:366)
	at org.testng.SuiteRunner.runSequentially(SuiteRunner.java:361)
	at org.testng.SuiteRunner.privateRun(SuiteRunner.java:319)
	at org.testng.SuiteRunner.run(SuiteRunner.java:268)
	at org.testng.SuiteRunnerWorker.runSuite(SuiteRunnerWorker.java:52)
	at org.testng.SuiteRunnerWorker.run(SuiteRunnerWorker.java:86)
	at org.testng.TestNG.runSuitesSequentially(TestNG.java:1244)
	at org.testng.TestNG.runSuitesLocally(TestNG.java:1169)
	at org.testng.TestNG.run(TestNG.java:1064)
	at org.testng.remote.AbstractRemoteTestNG.run(AbstractRemoteTestNG.java:115)
	at org.testng.remote.RemoteTestNG.initAndRun(RemoteTestNG.java:251)
	at org.testng.remote.RemoteTestNG.main(RemoteTestNG.java:77)
]]>
    </error>
  </testcase> <!-- myTest -->
</testsuite> <!-- com.mycompany.myproject.sample.selion.UIFlowUsingSeLionPageObjectsTest -->
